Reached log end: bad checksum
played log entries 2833124690 to 2833124708
2 used blocks (out of 2)
Block 3:
  0 01002e00 00000000 00000000 00000000  >  .             <
 16 01002e2e 00000000 00000000 00000000  >  ..            <
 32 10006400 00000000 00000000 00000000  >  d             <
 48 00000000 00000000 00000000 00000000  >                <
*
Block 4:
  0 10002e00 00000000 00000000 00000000  >  .             <
 16 01002e2e 00000000 00000000 00000000  >  ..            <
 32 00000000 00000000 00000000 00000000  >                <
*
2 used inodes (out of 16)
    1 drwxr-xr-x   3   0   0       48 Oct 12 2022 16:29:36  #1
        ino: 1
        i_mode: 0140755
        i_nlink: 3
        i_uid: 0
        i_gid: 0
        size(): 48
        i_addr[0]: 3
        i_addr[1]: 0
        i_addr[2]: 0
        i_addr[3]: 0
        i_addr[4]: 0
        i_addr[5]: 0
        i_addr[6]: 0
        i_addr[7]: 0
        atime: Oct 12 2022 16:29:36
        mtime: Oct 12 2022 16:29:36
   16 drwx------   2   0   0       32 Oct 12 2022 16:29:36  #16
        ino: 16
        i_mode: 0140700
        i_nlink: 2
        i_uid: 0
        i_gid: 0
        size(): 32
        i_addr[0]: 4
        i_addr[1]: 0
        i_addr[2]: 0
        i_addr[3]: 0
        i_addr[4]: 0
        i_addr[5]: 0
        i_addr[6]: 0
        i_addr[7]: 0
        atime: Oct 12 2022 16:29:36
        mtime: Oct 12 2022 16:29:36
